2022-07-16 15:25:19.796 INFO  708  --- [ restartedMain ] com.best.great.GreatApplication - Starting GreatApplication using Java 11.0.12 on DESKTOP-47PSFEP with PID 15016 (C:\Users\dudtk\Project\great\build\classes\java\main started by dudtk in C:\Users\dudtk\Project\great)
2022-07-16 15:25:19.797 INFO  709  --- [ restartedMain ] com.best.great.GreatApplication - No active profile set, falling back to 1 default profile: "default"
2022-07-16 15:25:20.024 INFO  936  --- [ restartedMain ] o.s.b.d.e.DevToolsPropertyDefaultsPostProcessor - Devtools property defaults active! Set 'spring.devtools.add-properties' to 'false' to disable
2022-07-16 15:25:20.025 INFO  937  --- [ restartedMain ] o.s.b.d.e.DevToolsPropertyDefaultsPostProcessor - For additional web related logging consider setting the 'logging.level.web' property to 'DEBUG'
2022-07-16 15:25:20.583 INFO  1495 --- [ restartedMain ] o.s.d.r.c.RepositoryConfigurationDelegate - Bootstrapping Spring Data JPA repositories in DEFAULT mode.
2022-07-16 15:25:20.632 INFO  1544 --- [ restartedMain ] o.s.d.r.c.RepositoryConfigurationDelegate - Finished Spring Data repository scanning in 42 ms. Found 3 JPA repository interfaces.
2022-07-16 15:25:21.395 INFO  2307 --- [ restartedMain ] o.s.b.w.e.tomcat.TomcatWebServer - Tomcat initialized with port(s): 8080 (http)
2022-07-16 15:25:21.404 INFO  2316 --- [ restartedMain ] o.a.coyote.http11.Http11NioProtocol - Initializing ProtocolHandler ["http-nio-8080"]
2022-07-16 15:25:21.405 INFO  2317 --- [ restartedMain ] o.a.catalina.core.StandardService - Starting service [Tomcat]
2022-07-16 15:25:21.405 INFO  2317 --- [ restartedMain ] o.a.catalina.core.StandardEngine - Starting Servlet engine: [Apache Tomcat/9.0.62]
2022-07-16 15:25:21.489 INFO  2401 --- [ restartedMain ] o.a.c.c.C.[Tomcat].[localhost].[/] - Initializing Spring embedded WebApplicationContext
2022-07-16 15:25:21.489 INFO  2401 --- [ restartedMain ] o.s.b.w.s.c.ServletWebServerApplicationContext - Root WebApplicationContext: initialization completed in 1464 ms
2022-07-16 15:25:21.657 INFO  2569 --- [ restartedMain ] o.h.jpa.internal.util.LogHelper - HHH000204: Processing PersistenceUnitInfo [name: default]
2022-07-16 15:25:21.701 INFO  2613 --- [ restartedMain ] org.hibernate.Version - HHH000412: Hibernate ORM core version 5.6.8.Final
2022-07-16 15:25:21.839 INFO  2751 --- [ restartedMain ] o.h.annotations.common.Version - HCANN000001: Hibernate Commons Annotations {5.1.2.Final}
2022-07-16 15:25:21.944 INFO  2856 --- [ restartedMain ] com.zaxxer.hikari.HikariDataSource - HikariPool-1 - Starting...
2022-07-16 15:25:22.002 INFO  2914 --- [ restartedMain ] com.zaxxer.hikari.HikariDataSource - HikariPool-1 - Start completed.
2022-07-16 15:25:22.030 INFO  2942 --- [ restartedMain ] org.hibernate.dialect.Dialect - HHH000400: Using dialect: org.hibernate.dialect.MariaDB106Dialect
2022-07-16 15:25:22.561 INFO  3473 --- [ restartedMain ] o.h.e.t.j.p.i.JtaPlatformInitiator - HHH000490: Using JtaPlatform implementation: [org.hibernate.engine.transaction.jta.platform.internal.NoJtaPlatform]
2022-07-16 15:25:22.568 INFO  3480 --- [ restartedMain ] o.s.o.j.LocalContainerEntityManagerFactoryBean - Initialized JPA EntityManagerFactory for persistence unit 'default'
2022-07-16 15:25:23.001 INFO  3913 --- [ restartedMain ] o.s.s.w.DefaultSecurityFilterChain - Will secure any request with [org.springframework.security.web.context.request.async.WebAsyncManagerIntegrationFilter@124cf0ce, org.springframework.security.web.context.SecurityContextPersistenceFilter@3039f977, org.springframework.security.web.header.HeaderWriterFilter@638638e3, org.springframework.security.web.csrf.CsrfFilter@762a915a, org.springframework.security.web.authentication.logout.LogoutFilter@16c92a42, org.springframework.security.web.authentication.UsernamePasswordAuthenticationFilter@39d2f4a0, org.springframework.security.web.savedrequest.RequestCacheAwareFilter@5a3912a6, org.springframework.security.web.servletapi.SecurityContextHolderAwareRequestFilter@504931a7, org.springframework.security.web.authentication.AnonymousAuthenticationFilter@32e32449, org.springframework.security.web.session.SessionManagementFilter@2385dbdb, org.springframework.security.web.access.ExceptionTranslationFilter@20ae6f51, org.springframework.security.web.access.intercept.FilterSecurityInterceptor@77353bd]
2022-07-16 15:25:23.166 INFO  4078 --- [ restartedMain ] o.s.b.a.w.s.WelcomePageHandlerMapping - Adding welcome page template: index
2022-07-16 15:25:23.436 INFO  4348 --- [ restartedMain ] o.s.b.d.a.OptionalLiveReloadServer - LiveReload server is running on port 35729
2022-07-16 15:25:23.447 INFO  4359 --- [ restartedMain ] o.a.coyote.http11.Http11NioProtocol - Starting ProtocolHandler ["http-nio-8080"]
2022-07-16 15:25:23.465 INFO  4377 --- [ restartedMain ] o.s.b.w.e.tomcat.TomcatWebServer - Tomcat started on port(s): 8080 (http) with context path ''
2022-07-16 15:25:23.474 INFO  4386 --- [ restartedMain ] com.best.great.GreatApplication - Started GreatApplication in 4.132 seconds (JVM running for 4.593)
2022-07-16 15:25:37.236 INFO  18148 --- [ http-nio-8080-exec-1 ] o.a.c.c.C.[Tomcat].[localhost].[/] - Initializing Spring DispatcherServlet 'dispatcherServlet'
2022-07-16 15:25:37.237 INFO  18149 --- [ http-nio-8080-exec-1 ] o.s.web.servlet.DispatcherServlet - Initializing Servlet 'dispatcherServlet'
2022-07-16 15:25:37.238 INFO  18150 --- [ http-nio-8080-exec-1 ] o.s.web.servlet.DispatcherServlet - Completed initialization in 1 ms
2022-07-16 15:25:43.155 WARN  24067 --- [ http-nio-8080-exec-2 ] o.a.c.util.SessionIdGeneratorBase - Creation of SecureRandom instance for session ID generation using [SHA1PRNG] took [141] milliseconds.
2022-07-16 15:27:56.258 INFO  725  --- [ restartedMain ] com.best.great.GreatApplication - Starting GreatApplication using Java 11.0.12 on DESKTOP-47PSFEP with PID 11640 (C:\Users\dudtk\Project\great\build\classes\java\main started by dudtk in C:\Users\dudtk\Project\great)
2022-07-16 15:27:56.259 INFO  726  --- [ restartedMain ] com.best.great.GreatApplication - No active profile set, falling back to 1 default profile: "default"
2022-07-16 15:27:56.494 INFO  961  --- [ restartedMain ] o.s.b.d.e.DevToolsPropertyDefaultsPostProcessor - Devtools property defaults active! Set 'spring.devtools.add-properties' to 'false' to disable
2022-07-16 15:27:56.494 INFO  961  --- [ restartedMain ] o.s.b.d.e.DevToolsPropertyDefaultsPostProcessor - For additional web related logging consider setting the 'logging.level.web' property to 'DEBUG'
2022-07-16 15:27:57.027 INFO  1494 --- [ restartedMain ] o.s.d.r.c.RepositoryConfigurationDelegate - Bootstrapping Spring Data JPA repositories in DEFAULT mode.
2022-07-16 15:27:57.078 INFO  1545 --- [ restartedMain ] o.s.d.r.c.RepositoryConfigurationDelegate - Finished Spring Data repository scanning in 43 ms. Found 3 JPA repository interfaces.
2022-07-16 15:27:57.787 INFO  2254 --- [ restartedMain ] o.s.b.w.e.tomcat.TomcatWebServer - Tomcat initialized with port(s): 8080 (http)
2022-07-16 15:27:57.796 INFO  2263 --- [ restartedMain ] o.a.coyote.http11.Http11NioProtocol - Initializing ProtocolHandler ["http-nio-8080"]
2022-07-16 15:27:57.796 INFO  2263 --- [ restartedMain ] o.a.catalina.core.StandardService - Starting service [Tomcat]
2022-07-16 15:27:57.796 INFO  2263 --- [ restartedMain ] o.a.catalina.core.StandardEngine - Starting Servlet engine: [Apache Tomcat/9.0.62]
2022-07-16 15:27:57.897 INFO  2364 --- [ restartedMain ] o.a.c.c.C.[Tomcat].[localhost].[/] - Initializing Spring embedded WebApplicationContext
2022-07-16 15:27:57.897 INFO  2364 --- [ restartedMain ] o.s.b.w.s.c.ServletWebServerApplicationContext - Root WebApplicationContext: initialization completed in 1403 ms
2022-07-16 15:27:58.073 INFO  2540 --- [ restartedMain ] o.h.jpa.internal.util.LogHelper - HHH000204: Processing PersistenceUnitInfo [name: default]
2022-07-16 15:27:58.122 INFO  2589 --- [ restartedMain ] org.hibernate.Version - HHH000412: Hibernate ORM core version 5.6.8.Final
2022-07-16 15:27:58.262 INFO  2729 --- [ restartedMain ] o.h.annotations.common.Version - HCANN000001: Hibernate Commons Annotations {5.1.2.Final}
2022-07-16 15:27:58.351 INFO  2818 --- [ restartedMain ] com.zaxxer.hikari.HikariDataSource - HikariPool-1 - Starting...
2022-07-16 15:27:58.410 INFO  2877 --- [ restartedMain ] com.zaxxer.hikari.HikariDataSource - HikariPool-1 - Start completed.
2022-07-16 15:27:58.437 INFO  2904 --- [ restartedMain ] org.hibernate.dialect.Dialect - HHH000400: Using dialect: org.hibernate.dialect.MariaDB106Dialect
2022-07-16 15:27:58.961 INFO  3428 --- [ restartedMain ] o.h.e.t.j.p.i.JtaPlatformInitiator - HHH000490: Using JtaPlatform implementation: [org.hibernate.engine.transaction.jta.platform.internal.NoJtaPlatform]
2022-07-16 15:27:58.968 INFO  3435 --- [ restartedMain ] o.s.o.j.LocalContainerEntityManagerFactoryBean - Initialized JPA EntityManagerFactory for persistence unit 'default'
2022-07-16 15:27:59.394 INFO  3861 --- [ restartedMain ] o.s.s.w.DefaultSecurityFilterChain - Will secure any request with [org.springframework.security.web.context.request.async.WebAsyncManagerIntegrationFilter@25529a26, org.springframework.security.web.context.SecurityContextPersistenceFilter@6c47301, org.springframework.security.web.header.HeaderWriterFilter@4b796569, org.springframework.security.web.csrf.CsrfFilter@165fc98b, org.springframework.security.web.authentication.logout.LogoutFilter@56ed13ca, org.springframework.security.web.authentication.UsernamePasswordAuthenticationFilter@54388799, org.springframework.security.web.savedrequest.RequestCacheAwareFilter@2a9a33bb, org.springframework.security.web.servletapi.SecurityContextHolderAwareRequestFilter@436ec7d7, org.springframework.security.web.authentication.AnonymousAuthenticationFilter@5760fe73, org.springframework.security.web.session.SessionManagementFilter@aee5764, org.springframework.security.web.access.ExceptionTranslationFilter@4dde6a55, org.springframework.security.web.access.intercept.FilterSecurityInterceptor@6eff667]
2022-07-16 15:27:59.551 INFO  4018 --- [ restartedMain ] o.s.b.a.w.s.WelcomePageHandlerMapping - Adding welcome page template: index
2022-07-16 15:27:59.806 INFO  4273 --- [ restartedMain ] o.s.b.d.a.OptionalLiveReloadServer - LiveReload server is running on port 35729
2022-07-16 15:27:59.815 INFO  4282 --- [ restartedMain ] o.a.coyote.http11.Http11NioProtocol - Starting ProtocolHandler ["http-nio-8080"]
2022-07-16 15:27:59.834 INFO  4301 --- [ restartedMain ] o.s.b.w.e.tomcat.TomcatWebServer - Tomcat started on port(s): 8080 (http) with context path ''
2022-07-16 15:27:59.843 INFO  4310 --- [ restartedMain ] com.best.great.GreatApplication - Started GreatApplication in 4.049 seconds (JVM running for 4.524)
2022-07-16 15:28:07.514 INFO  11981 --- [ http-nio-8080-exec-1 ] o.a.c.c.C.[Tomcat].[localhost].[/] - Initializing Spring DispatcherServlet 'dispatcherServlet'
2022-07-16 15:28:07.515 INFO  11982 --- [ http-nio-8080-exec-1 ] o.s.web.servlet.DispatcherServlet - Initializing Servlet 'dispatcherServlet'
2022-07-16 15:28:07.515 INFO  11982 --- [ http-nio-8080-exec-1 ] o.s.web.servlet.DispatcherServlet - Completed initialization in 0 ms
2022-07-16 15:28:11.163 WARN  15630 --- [ http-nio-8080-exec-2 ] o.a.c.util.SessionIdGeneratorBase - Creation of SecureRandom instance for session ID generation using [SHA1PRNG] took [140] milliseconds.
2022-07-16 15:28:23.338 INFO  27805 --- [ http-nio-8080-exec-6 ] c.b.g.controller.ChannelController - channel detail information : Channel(ch_url=UC-8xPSlb0xDYqSuIWcdcPAQ, monthView=0, ch_name=지니키즈 Genikids (인기 동요?동화), sub=1510000, regdate=2015. 11. 6., totview=1.17581388E9, category=교육, contact=GK_biz@genikids.com, fan= , insta=2087, upload=9, img=https://yt3.ggpht.com/ytc/AKedOLT_hmMFxuP6z8AhKC75xCgTLQRw1H0npTLbFT85YQ=s88-c-k-c0x00ffffff-no-rj, tag=Kids 키즈 Movie 영화 Entertainment 엔터테인먼트 지니키즈 애니메이션 교육애니메이션 어린이애니메이션 유아애니메이션 Education 교육 Music 음악 Genikids , clust=3, adavgview=17650.75, adcount=4) 
2022-07-16 15:28:23.357 WARN  27824 --- [ http-nio-8080-exec-6 ] c.b.g.controller.ChannelController - channel detail information : Channel(ch_url=UC-8xPSlb0xDYqSuIWcdcPAQ, monthView=0, ch_name=지니키즈 Genikids (인기 동요?동화), sub=1510000, regdate=2015. 11. 6., totview=1.17581388E9, category=교육, contact=GK_biz@genikids.com, fan= , insta=2087, upload=9, img=https://yt3.ggpht.com/ytc/AKedOLT_hmMFxuP6z8AhKC75xCgTLQRw1H0npTLbFT85YQ=s88-c-k-c0x00ffffff-no-rj, tag=Kids 키즈 Movie 영화 Entertainment 엔터테인먼트 지니키즈 애니메이션 교육애니메이션 어린이애니메이션 유아애니메이션 Education 교육 Music 음악 Genikids , clust=3, adavgview=17650.75, adcount=4) 
2022-07-16 15:29:03.064 INFO  718  --- [ restartedMain ] com.best.great.GreatApplication - Starting GreatApplication using Java 11.0.12 on DESKTOP-47PSFEP with PID 11468 (C:\Users\dudtk\Project\great\build\classes\java\main started by dudtk in C:\Users\dudtk\Project\great)
2022-07-16 15:29:03.065 INFO  719  --- [ restartedMain ] com.best.great.GreatApplication - No active profile set, falling back to 1 default profile: "default"
2022-07-16 15:29:03.282 INFO  936  --- [ restartedMain ] o.s.b.d.e.DevToolsPropertyDefaultsPostProcessor - Devtools property defaults active! Set 'spring.devtools.add-properties' to 'false' to disable
2022-07-16 15:29:03.283 INFO  937  --- [ restartedMain ] o.s.b.d.e.DevToolsPropertyDefaultsPostProcessor - For additional web related logging consider setting the 'logging.level.web' property to 'DEBUG'
2022-07-16 15:29:03.854 INFO  1508 --- [ restartedMain ] o.s.d.r.c.RepositoryConfigurationDelegate - Bootstrapping Spring Data JPA repositories in DEFAULT mode.
2022-07-16 15:29:03.905 INFO  1559 --- [ restartedMain ] o.s.d.r.c.RepositoryConfigurationDelegate - Finished Spring Data repository scanning in 43 ms. Found 3 JPA repository interfaces.
2022-07-16 15:29:04.608 INFO  2262 --- [ restartedMain ] o.s.b.w.e.tomcat.TomcatWebServer - Tomcat initialized with port(s): 8080 (http)
2022-07-16 15:29:04.617 INFO  2271 --- [ restartedMain ] o.a.coyote.http11.Http11NioProtocol - Initializing ProtocolHandler ["http-nio-8080"]
2022-07-16 15:29:04.618 INFO  2272 --- [ restartedMain ] o.a.catalina.core.StandardService - Starting service [Tomcat]
2022-07-16 15:29:04.618 INFO  2272 --- [ restartedMain ] o.a.catalina.core.StandardEngine - Starting Servlet engine: [Apache Tomcat/9.0.62]
2022-07-16 15:29:04.717 INFO  2371 --- [ restartedMain ] o.a.c.c.C.[Tomcat].[localhost].[/] - Initializing Spring embedded WebApplicationContext
2022-07-16 15:29:04.718 INFO  2372 --- [ restartedMain ] o.s.b.w.s.c.ServletWebServerApplicationContext - Root WebApplicationContext: initialization completed in 1435 ms
2022-07-16 15:29:04.897 INFO  2551 --- [ restartedMain ] o.h.jpa.internal.util.LogHelper - HHH000204: Processing PersistenceUnitInfo [name: default]
2022-07-16 15:29:04.949 INFO  2603 --- [ restartedMain ] org.hibernate.Version - HHH000412: Hibernate ORM core version 5.6.8.Final
2022-07-16 15:29:05.096 INFO  2750 --- [ restartedMain ] o.h.annotations.common.Version - HCANN000001: Hibernate Commons Annotations {5.1.2.Final}
2022-07-16 15:29:05.190 INFO  2844 --- [ restartedMain ] com.zaxxer.hikari.HikariDataSource - HikariPool-1 - Starting...
2022-07-16 15:29:05.252 INFO  2906 --- [ restartedMain ] com.zaxxer.hikari.HikariDataSource - HikariPool-1 - Start completed.
2022-07-16 15:29:05.280 INFO  2934 --- [ restartedMain ] org.hibernate.dialect.Dialect - HHH000400: Using dialect: org.hibernate.dialect.MariaDB106Dialect
2022-07-16 15:29:05.835 INFO  3489 --- [ restartedMain ] o.h.e.t.j.p.i.JtaPlatformInitiator - HHH000490: Using JtaPlatform implementation: [org.hibernate.engine.transaction.jta.platform.internal.NoJtaPlatform]
2022-07-16 15:29:05.842 INFO  3496 --- [ restartedMain ] o.s.o.j.LocalContainerEntityManagerFactoryBean - Initialized JPA EntityManagerFactory for persistence unit 'default'
2022-07-16 15:29:06.284 INFO  3938 --- [ restartedMain ] o.s.s.w.DefaultSecurityFilterChain - Will secure any request with [org.springframework.security.web.context.request.async.WebAsyncManagerIntegrationFilter@18626cdc, org.springframework.security.web.context.SecurityContextPersistenceFilter@1bd23c9c, org.springframework.security.web.header.HeaderWriterFilter@4b6d3648, org.springframework.security.web.csrf.CsrfFilter@37dd208, org.springframework.security.web.authentication.logout.LogoutFilter@4ec12d65, org.springframework.security.web.authentication.UsernamePasswordAuthenticationFilter@73c01f44, org.springframework.security.web.savedrequest.RequestCacheAwareFilter@4f122be, org.springframework.security.web.servletapi.SecurityContextHolderAwareRequestFilter@a971586, org.springframework.security.web.authentication.AnonymousAuthenticationFilter@51f641a4, org.springframework.security.web.session.SessionManagementFilter@12db36c1, org.springframework.security.web.access.ExceptionTranslationFilter@116dadbb, org.springframework.security.web.access.intercept.FilterSecurityInterceptor@2bda11f5]
2022-07-16 15:29:06.460 INFO  4114 --- [ restartedMain ] o.s.b.a.w.s.WelcomePageHandlerMapping - Adding welcome page template: index
2022-07-16 15:29:06.726 INFO  4380 --- [ restartedMain ] o.s.b.d.a.OptionalLiveReloadServer - LiveReload server is running on port 35729
2022-07-16 15:29:06.735 INFO  4389 --- [ restartedMain ] o.a.coyote.http11.Http11NioProtocol - Starting ProtocolHandler ["http-nio-8080"]
2022-07-16 15:29:06.751 INFO  4405 --- [ restartedMain ] o.s.b.w.e.tomcat.TomcatWebServer - Tomcat started on port(s): 8080 (http) with context path ''
2022-07-16 15:29:06.760 INFO  4414 --- [ restartedMain ] com.best.great.GreatApplication - Started GreatApplication in 4.159 seconds (JVM running for 4.628)
2022-07-16 15:29:07.892 INFO  5546 --- [ http-nio-8080-exec-2 ] o.a.c.c.C.[Tomcat].[localhost].[/] - Initializing Spring DispatcherServlet 'dispatcherServlet'
2022-07-16 15:29:07.892 INFO  5546 --- [ http-nio-8080-exec-2 ] o.s.web.servlet.DispatcherServlet - Initializing Servlet 'dispatcherServlet'
2022-07-16 15:29:07.893 INFO  5547 --- [ http-nio-8080-exec-2 ] o.s.web.servlet.DispatcherServlet - Completed initialization in 1 ms
2022-07-16 15:29:08.065 WARN  5719 --- [ http-nio-8080-exec-2 ] o.a.c.util.SessionIdGeneratorBase - Creation of SecureRandom instance for session ID generation using [SHA1PRNG] took [146] milliseconds.
2022-07-16 15:29:12.587 INFO  10241 --- [ http-nio-8080-exec-4 ] c.b.g.controller.ChannelController - channel detail information : Channel(ch_url=UC-8xPSlb0xDYqSuIWcdcPAQ, monthView=0, ch_name=지니키즈 Genikids (인기 동요?동화), sub=1510000, regdate=2015. 11. 6., totview=1.17581388E9, category=교육, contact=GK_biz@genikids.com, fan= , insta=2087, upload=9, img=https://yt3.ggpht.com/ytc/AKedOLT_hmMFxuP6z8AhKC75xCgTLQRw1H0npTLbFT85YQ=s88-c-k-c0x00ffffff-no-rj, tag=Kids 키즈 Movie 영화 Entertainment 엔터테인먼트 지니키즈 애니메이션 교육애니메이션 어린이애니메이션 유아애니메이션 Education 교육 Music 음악 Genikids , clust=3, adavgview=17650.75, adcount=4) 
2022-07-16 15:29:12.606 INFO  10260 --- [ http-nio-8080-exec-4 ] c.b.g.controller.ChannelController - channel img : https://yt3.ggpht.com/ytc/AKedOLT_hmMFxuP6z8AhKC75xCgTLQRw1H0npTLbFT85YQ=s88-c-k-c0x00ffffff-no-rj 
